c:\users\xpiot\music\sparktest\spark\spark\x64\debug\vc143.pdb
c:\users\xpiot\music\sparktest\spark\spark\x64\debug\vc143.idb
c:\users\xpiot\music\sparktest\spark\spark\x64\debug\entrypoint.obj
c:\users\xpiot\music\sparktest\spark\spark\x64\debug\jobsystem.obj
c:\users\xpiot\music\sparktest\spark\spark\x64\debug\gpuwindow.obj
c:\users\xpiot\music\sparktest\spark\spark\x64\debug\core.obj
c:\users\xpiot\music\sparktest\spark\spark\x64\debug\transform.obj
c:\users\xpiot\music\sparktest\spark\spark\x64\debug\assetmanager.obj
c:\users\xpiot\music\sparktest\spark\spark\x64\debug\actor.obj
c:\users\xpiot\music\sparktest\spark\spark\x64\debug\initalizejob.obj
c:\users\xpiot\music\sparktest\spark\spark\x64\debug\renderjob.obj
c:\users\xpiot\music\sparktest\spark\spark\x64\debug\initjob.obj
c:\users\xpiot\music\sparktest\spark\spark\x64\debug\gpucontext.obj
c:\users\xpiot\music\sparktest\spark\spark\x64\debug\glad.obj
c:\users\xpiot\music\sparktest\spark\spark\x64\debug\gpubuffer.obj
c:\users\xpiot\music\sparktest\spark\spark\x64\debug\spark.ilk
c:\users\xpiot\music\sparktest\spark\x64\debug\spark.exe
c:\users\xpiot\music\sparktest\spark\x64\debug\spark.pdb
c:\users\xpiot\music\sparktest\spark\spark\x64\debug\spark.tlog\cl.command.1.tlog
c:\users\xpiot\music\sparktest\spark\spark\x64\debug\spark.tlog\cl.read.1.tlog
c:\users\xpiot\music\sparktest\spark\spark\x64\debug\spark.tlog\cl.write.1.tlog
c:\users\xpiot\music\sparktest\spark\spark\x64\debug\spark.tlog\link.command.1.tlog
c:\users\xpiot\music\sparktest\spark\spark\x64\debug\spark.tlog\link.read.1.tlog
c:\users\xpiot\music\sparktest\spark\spark\x64\debug\spark.tlog\link.write.1.tlog
